U-Boot 2010.09-00000-g3ae2e73-dirty (Jan 21 2018 - 17:14:18)

Chip ID:0x32440001
This CPU chip is S3C2440
+---------------------------------------------+
HCLK = 100MHz
PCLK = 50MHz
UCLK = 96MHz
FCLK = 400MHz
UPLLVal [M:38h,P:2h,S:2h]
MPLLVal [M:5ch,P:1h,S:1h]
CLKDIVN: 5h
+---------------------------------------------+
Board: YW2440
DRAM:  64 MiB
Flash: 2 MiB
NAND:  64 MiB
In:    serial
Out:   serial
Err:   serial
Net:   dm9000
Hit any key to stop autoboot:  0 

NAND read: 'kernel' is not a number
Wrong Image Format for bootm command
ERROR: can't get kernel image!
uboot # 
